Using pre-set license
Built from '2020.2/release' branch; Version is '2020.2.2f1 (068178b99f32) revision 426360'; Using compiler version '192528614'; Build Type 'Release'
OS: 'Windows 10 Enterprise; OS build 18363.1556; Version 1909; 64bit' Language: 'en' Physical Memory: 16304 MB
BatchMode: 1, IsHumanControllingUs: 0, StartBugReporterOnCrash: 0, Is64bit: 1, IsPro: 0

 COMMAND LINE ARGUMENTS:
C:\Program Files\Unity\Editor\Unity.exe
-adb2
-batchMode
-noUpm
-name
AssetImportWorker0
-projectPath
C:/Users/xavier.arias1/Documents/GitHub/Tower-Defense-Game-3D
-logFile
Logs/AssetImportWorker0.log
-srvPort
64551
Successfully changed project path to: C:/Users/xavier.arias1/Documents/GitHub/Tower-Defense-Game-3D
C:/Users/xavier.arias1/Documents/GitHub/Tower-Defense-Game-3D
Using Asset Import Pipeline V2.
Refreshing native plugins compatible for Editor in 31.86 ms, found 0 plugins.
Preloading 0 native plugins for Editor in 0.00 ms.
Initialize engine version: 2020.2.2f1 (068178b99f32)
[Subsystems] Discovering subsystems at path C:/Program Files/Unity/Editor/Data/Resources/UnitySubsystems
[Subsystems] Discovering subsystems at path C:/Users/xavier.arias1/Documents/GitHub/Tower-Defense-Game-3D/Assets
GfxDevice: creating device client; threaded=0
Direct3D:
    Version:  Direct3D 11.0 [level 11.1]
    Renderer: NVIDIA Quadro M5000  (ID=0x13f0)
    Vendor:   
    VRAM:     8092 MB
    Driver:   10.18.13.5362
Initialize mono
Mono path[0] = 'C:/Program Files/Unity/Editor/Data/Managed'
Mono path[1] = 'C:/Program Files/Unity/Editor/Data/MonoBleedingEdge/lib/mono/unityjit'
Mono config path = 'C:/Program Files/Unity/Editor/Data/MonoBleedingEdge/etc'
Using monoOptions --debugger-agent=transport=dt_socket,embedding=1,server=y,suspend=n,address=127.0.0.1:56064
Begin MonoManager ReloadAssembly
Registering precompiled unity dll's ...
Register platform support module: C:/Program Files/Unity/Editor/Data/PlaybackEngines/WindowsStandaloneSupport/UnityEditor.WindowsStandalone.Extensions.dll
Registered in 0.001169 seconds.
Native extension for WindowsStandalone target not found
Refreshing native plugins compatible for Editor in 32.71 ms, found 0 plugins.
Preloading 0 native plugins for Editor in 0.00 ms.
Invoked RoslynAnalysisRunner static constructor.
RoslynAnalysisRunner will not be running.
RoslynAnalysisRunner has terminated.
Mono: successfully reloaded assembly
- Completed reload, in  0.903 seconds
Platform modules already initialized, skipping
Registering precompiled user dll's ...
Registered in 0.000642 seconds.
Begin MonoManager ReloadAssembly
Native extension for WindowsStandalone target not found
Refreshing native plugins compatible for Editor in 0.27 ms, found 0 plugins.
Preloading 0 native plugins for Editor in 0.00 ms.
Invoked RoslynAnalysisRunner static constructor.
RoslynAnalysisRunner will not be running.
RoslynAnalysisRunner has terminated.
Mono: successfully reloaded assembly
- Completed reload, in  0.875 seconds
Platform modules already initialized, skipping
========================================================================
Worker process is ready to serve import requests
Launched and connected shader compiler UnityShaderCompiler.exe after 0.05 seconds
Refreshing native plugins compatible for Editor in 0.37 ms, found 0 plugins.
Preloading 0 native plugins for Editor in 0.00 ms.
Unloading 1598 Unused Serialized files (Serialized files now loaded: 0)
System memory in use before: 82.1 MB.
System memory in use after: 82.2 MB.

Unloading 69 unused Assets to reduce memory usage. Loaded Objects now: 2035.
Total: 2.312600 ms (FindLiveObjects: 0.167300 ms CreateObjectMapping: 0.054100 ms MarkObjects: 1.853600 ms  DeleteObjects: 0.236500 ms)

========================================================================
Received Import Request.
  path: Assets/Art/grass.png
  artifactKey: Guid(e1aa4eda949771f428e100ee2e12c28b) Importer(815301076,1909f56bfc062723c751e8b465ee728b)
Start importing Assets/Art/grass.png using Guid(e1aa4eda949771f428e100ee2e12c28b) Importer(815301076,1909f56bfc062723c751e8b465ee728b)  -> (artifact id: 'e324d9bbb57967fd30b20eec8f6c9c0d') in 0.094068 seconds
  Import took 0.096628 seconds .

========================================================================
Received Import Request.
  Time since last request: 0.000261 seconds.
  path: Assets/Art/funnie2.fbx
  artifactKey: Guid(9d0ada678d2416c48a3d7b8f66d03c36) Importer(815301076,1909f56bfc062723c751e8b465ee728b)
Start importing Assets/Art/funnie2.fbx using Guid(9d0ada678d2416c48a3d7b8f66d03c36) Importer(815301076,1909f56bfc062723c751e8b465ee728b)  -> (artifact id: '1aced7682fcba047177c5b8969975e61') in 0.307343 seconds
  Import took 0.310251 seconds .

========================================================================
Received Import Request.
  Time since last request: 0.000286 seconds.
  path: Assets/Art/heavy enemy.fbx
  artifactKey: Guid(86b11791742d02a46b03bcddcd055062) Importer(815301076,1909f56bfc062723c751e8b465ee728b)
Start importing Assets/Art/heavy enemy.fbx using Guid(86b11791742d02a46b03bcddcd055062) Importer(815301076,1909f56bfc062723c751e8b465ee728b)  -> (artifact id: '698799f1420759f7a96378a82e9d7eea') in 0.066127 seconds
  Import took 0.069129 seconds .

========================================================================
Received Import Request.
  Time since last request: 0.000238 seconds.
  path: Assets/Art/funnietexturetest.fbx
  artifactKey: Guid(e63cccb335b1b8d438aeb648acc50d13) Importer(815301076,1909f56bfc062723c751e8b465ee728b)
Start importing Assets/Art/funnietexturetest.fbx using Guid(e63cccb335b1b8d438aeb648acc50d13) Importer(815301076,1909f56bfc062723c751e8b465ee728b)  -> (artifact id: 'c268eb1677c69efd75c2aabc8177faa9') in 0.020483 seconds
  Import took 0.023148 seconds .

========================================================================
Received Import Request.
  Time since last request: 0.000348 seconds.
  path: Assets/Art/goo tower.fbx
  artifactKey: Guid(f71bf2f88a7d7e041b9443e1fc7661c3) Importer(815301076,1909f56bfc062723c751e8b465ee728b)
Start importing Assets/Art/goo tower.fbx using Guid(f71bf2f88a7d7e041b9443e1fc7661c3) Importer(815301076,1909f56bfc062723c751e8b465ee728b)  -> (artifact id: '7a7a78e8237a2185fc17e211877c58e9') in 0.338885 seconds
  Import took 0.342023 seconds .

========================================================================
Received Import Request.
  Time since last request: 0.000320 seconds.
  path: Assets/Art/funnie.fbx
  artifactKey: Guid(63fc2994c596c0f4c88a68e1fe1f4fc6) Importer(815301076,1909f56bfc062723c751e8b465ee728b)
Start importing Assets/Art/funnie.fbx using Guid(63fc2994c596c0f4c88a68e1fe1f4fc6) Importer(815301076,1909f56bfc062723c751e8b465ee728b)  -> (artifact id: 'f969ede4bf77596dc509126da7cf31eb') in 0.018688 seconds
  Import took 0.021339 seconds .

========================================================================
Received Import Request.
  Time since last request: 0.000267 seconds.
  path: Assets/Art/rock.png
  artifactKey: Guid(46259197f0425344881f0acda68f9043) Importer(815301076,1909f56bfc062723c751e8b465ee728b)
Start importing Assets/Art/rock.png using Guid(46259197f0425344881f0acda68f9043) Importer(815301076,1909f56bfc062723c751e8b465ee728b)  -> (artifact id: '3fe446e61340f22830aef448e61d8beb') in 0.013538 seconds
  Import took 0.016545 seconds .

========================================================================
Received Import Request.
  Time since last request: 4.211919 seconds.
  path: Assets/Scenes/HexgridNew.unity
  artifactKey: Guid(fe0ba1502f9fdeb4387ac71ac47c0f90) Importer(815301076,1909f56bfc062723c751e8b465ee728b)
Start importing Assets/Scenes/HexgridNew.unity using Guid(fe0ba1502f9fdeb4387ac71ac47c0f90) Importer(815301076,1909f56bfc062723c751e8b465ee728b)  -> (artifact id: '39542cc3724510dfbff5954847669e96') in 0.008803 seconds
  Import took 0.011492 seconds .

========================================================================
Received Import Request.
  Time since last request: 0.005441 seconds.
  path: Assets/Scenes/HexgridNew.unity
  artifactKey: Guid(fe0ba1502f9fdeb4387ac71ac47c0f90) Importer(815301076,1909f56bfc062723c751e8b465ee728b)
Start importing Assets/Scenes/HexgridNew.unity using Guid(fe0ba1502f9fdeb4387ac71ac47c0f90) Importer(815301076,1909f56bfc062723c751e8b465ee728b)  -> (artifact id: '39542cc3724510dfbff5954847669e96') in 0.002813 seconds
  Import took 0.005509 seconds .

========================================================================
Received Import Request.
  Time since last request: 123.571949 seconds.
  path: Assets/prefabs/BulletPrefab.prefab
  artifactKey: Guid(9710e9ed523fe9c4faf659194f26d30a) Importer(815301076,1909f56bfc062723c751e8b465ee728b)
Start importing Assets/prefabs/BulletPrefab.prefab using Guid(9710e9ed523fe9c4faf659194f26d30a) Importer(815301076,1909f56bfc062723c751e8b465ee728b)  -> (artifact id: 'b58fe5d73de2fbd1add65b4a293f3bec') in 0.016031 seconds
  Import took 0.019422 seconds .

========================================================================
Received Import Request.
  Time since last request: 0.000261 seconds.
  path: Assets/prefabs/Canvas.prefab
  artifactKey: Guid(cec7a756fa092064ba8fb8d842609bb4) Importer(815301076,1909f56bfc062723c751e8b465ee728b)
Start importing Assets/prefabs/Canvas.prefab using Guid(cec7a756fa092064ba8fb8d842609bb4) Importer(815301076,1909f56bfc062723c751e8b465ee728b)  -> (artifact id: '29443bada7555adb3a62da09df97cca2') in 0.083334 seconds
  Import took 0.086268 seconds .

========================================================================
Received Import Request.
  Time since last request: 0.000259 seconds.
  path: Assets/prefabs/MissilePrefab.prefab
  artifactKey: Guid(9fe6c696baf013e4bbc4892e608fb985) Importer(815301076,1909f56bfc062723c751e8b465ee728b)
Start importing Assets/prefabs/MissilePrefab.prefab using Guid(9fe6c696baf013e4bbc4892e608fb985) Importer(815301076,1909f56bfc062723c751e8b465ee728b)  -> (artifact id: 'cc9509d94a60f5090155182d6b0bd777') in 0.013363 seconds
  Import took 0.017121 seconds .

========================================================================
Received Import Request.
  Time since last request: 0.000282 seconds.
  path: Assets/prefabs/Cylinder.prefab
  artifactKey: Guid(6629694afafff09438beb49d869eb400) Importer(815301076,1909f56bfc062723c751e8b465ee728b)
Start importing Assets/prefabs/Cylinder.prefab using Guid(6629694afafff09438beb49d869eb400) Importer(815301076,1909f56bfc062723c751e8b465ee728b)  -> (artifact id: 'd17a7bfbb9b552ff3ecc625a4401f836') in 0.012615 seconds
  Import took 0.016942 seconds .

========================================================================
Received Import Request.
  Time since last request: 0.000228 seconds.
  path: Assets/prefabs/Turret - Jaylan.prefab
  artifactKey: Guid(85736e5d42879c24bac26f72208c461c) Importer(815301076,1909f56bfc062723c751e8b465ee728b)
Start importing Assets/prefabs/Turret - Jaylan.prefab using Guid(85736e5d42879c24bac26f72208c461c) Importer(815301076,1909f56bfc062723c751e8b465ee728b)  -> (artifact id: '65704c4a20482c128de3cb16ad984dea') in 0.012487 seconds
  Import took 0.015433 seconds .

========================================================================
Received Import Request.
  Time since last request: 0.000186 seconds.
  path: Assets/prefabs/Grid.prefab
  artifactKey: Guid(38f36214b75cb824faabb2e9a3235fc4) Importer(815301076,1909f56bfc062723c751e8b465ee728b)
Start importing Assets/prefabs/Grid.prefab using Guid(38f36214b75cb824faabb2e9a3235fc4) Importer(815301076,1909f56bfc062723c751e8b465ee728b)  -> (artifact id: '97a1ed2fbece091d899bffb6a4265619') in 0.178197 seconds
  Import took 0.187553 seconds .

========================================================================
Received Import Request.
  Time since last request: 0.000410 seconds.
  path: Assets/prefabs/Enemy Node.prefab
  artifactKey: Guid(22167c545c3c11b459925513b3549ecb) Importer(815301076,1909f56bfc062723c751e8b465ee728b)
Start importing Assets/prefabs/Enemy Node.prefab using Guid(22167c545c3c11b459925513b3549ecb) Importer(815301076,1909f56bfc062723c751e8b465ee728b)  -> (artifact id: '60a4666eff366f421f5f5384f7c045aa') in 0.008166 seconds
  Import took 0.011066 seconds .

========================================================================
Received Import Request.
  Time since last request: 0.000337 seconds.
  path: Assets/prefabs/Turret pivot.prefab
  artifactKey: Guid(50512cac408708742b2b1c7c6ebbbac4) Importer(815301076,1909f56bfc062723c751e8b465ee728b)
Start importing Assets/prefabs/Turret pivot.prefab using Guid(50512cac408708742b2b1c7c6ebbbac4) Importer(815301076,1909f56bfc062723c751e8b465ee728b)  -> (artifact id: '5172fbc8b27b705f843b8743e8947ae6') in 0.011606 seconds
  Import took 0.014916 seconds .

========================================================================
Received Import Request.
  Time since last request: 0.000227 seconds.
  path: Assets/prefabs/Turret Node.prefab
  artifactKey: Guid(20b6ef56cffdef94bad908b7007f31a2) Importer(815301076,1909f56bfc062723c751e8b465ee728b)
Start importing Assets/prefabs/Turret Node.prefab using Guid(20b6ef56cffdef94bad908b7007f31a2) Importer(815301076,1909f56bfc062723c751e8b465ee728b)  -> (artifact id: '6e29cbefb16b6ea1a70c67f901d3a7f9') in 0.008571 seconds
  Import took 0.011931 seconds .

========================================================================
Received Import Request.
  Time since last request: 2.334968 seconds.
  path: Assets/Art/Materials
  artifactKey: Guid(d1b619b1b2d5f0a478311bc23665fb13) Importer(815301076,1909f56bfc062723c751e8b465ee728b)
Start importing Assets/Art/Materials using Guid(d1b619b1b2d5f0a478311bc23665fb13) Importer(815301076,1909f56bfc062723c751e8b465ee728b)  -> (artifact id: '67298b20b028ce8053d0efd1c5acb313') in 0.005857 seconds
  Import took 0.008788 seconds .

========================================================================
Received Import Request.
  Time since last request: 0.000821 seconds.
  path: Assets/Art/Materials
  artifactKey: Guid(d1b619b1b2d5f0a478311bc23665fb13) Importer(815301076,1909f56bfc062723c751e8b465ee728b)
Start importing Assets/Art/Materials using Guid(d1b619b1b2d5f0a478311bc23665fb13) Importer(815301076,1909f56bfc062723c751e8b465ee728b)  -> (artifact id: '67298b20b028ce8053d0efd1c5acb313') in 0.001676 seconds
  Import took 0.005055 seconds .

========================================================================
Received Import Request.
  Time since last request: 0.042290 seconds.
  path: Assets/Art/Materials/rock.mat
  artifactKey: Guid(dab94ef4b9b0d8a42a729b662197c361) Importer(815301076,1909f56bfc062723c751e8b465ee728b)
Start importing Assets/Art/Materials/rock.mat using Guid(dab94ef4b9b0d8a42a729b662197c361) Importer(815301076,1909f56bfc062723c751e8b465ee728b)  -> (artifact id: '3191e7fb6c0aee4c18f913c1961c66d3') in 0.013304 seconds
  Import took 0.016266 seconds .

========================================================================
Received Import Request.
  Time since last request: 81.021077 seconds.
  path: Assets/Scripts - jaylan/Bullet.cs
  artifactKey: Guid(5761e731fb20e34499417ca14f70b848) Importer(815301076,1909f56bfc062723c751e8b465ee728b)
Start importing Assets/Scripts - jaylan/Bullet.cs using Guid(5761e731fb20e34499417ca14f70b848) Importer(815301076,1909f56bfc062723c751e8b465ee728b)  -> (artifact id: 'b4192f06ad262091717bc8e14adeef4e') in 0.014538 seconds
  Import took 0.017820 seconds .

========================================================================
Received Import Request.
  Time since last request: 0.004499 seconds.
  path: Assets/Scripts - jaylan/Bullet.cs
  artifactKey: Guid(5761e731fb20e34499417ca14f70b848) Importer(815301076,1909f56bfc062723c751e8b465ee728b)
Start importing Assets/Scripts - jaylan/Bullet.cs using Guid(5761e731fb20e34499417ca14f70b848) Importer(815301076,1909f56bfc062723c751e8b465ee728b)  -> (artifact id: 'b4192f06ad262091717bc8e14adeef4e') in 0.001947 seconds
  Import took 0.004595 seconds .

========================================================================
Received Import Request.
  Time since last request: 77.326994 seconds.
  path: Assets/Scripts - Xavier Arias/CameraController.cs
  artifactKey: Guid(f2e45cefad0fb6149845532426aa39b5) Importer(815301076,1909f56bfc062723c751e8b465ee728b)
Start importing Assets/Scripts - Xavier Arias/CameraController.cs using Guid(f2e45cefad0fb6149845532426aa39b5) Importer(815301076,1909f56bfc062723c751e8b465ee728b)  -> (artifact id: '268da6e06e5e1afcc6d26ff5b8c7c2b9') in 0.006610 seconds
  Import took 0.009558 seconds .

========================================================================
Received Import Request.
  Time since last request: 50.026876 seconds.
  path: Assets/Scripts - jaylan/BuildManager.cs
  artifactKey: Guid(4be7dd8942139e4468367b910eb10b16) Importer(815301076,1909f56bfc062723c751e8b465ee728b)
Start importing Assets/Scripts - jaylan/BuildManager.cs using Guid(4be7dd8942139e4468367b910eb10b16) Importer(815301076,1909f56bfc062723c751e8b465ee728b)  -> (artifact id: '1fbc084e3fc55c261182317b77fad1f0') in 0.006038 seconds
  Import took 0.009016 seconds .

========================================================================
Received Prepare
Registering precompiled user dll's ...
Registered in 0.000903 seconds.
Begin MonoManager ReloadAssembly
Native extension for WindowsStandalone target not found
Refreshing native plugins compatible for Editor in 0.29 ms, found 0 plugins.
Preloading 0 native plugins for Editor in 0.00 ms.
Warning: Annotation not found!
UnityEngine.StackTraceUtility:ExtractStackTrace ()
UnityEditor.ProBuilder.EditorUtility:SetGizmoIconEnabled (System.Type,bool) (at Library/PackageCache/com.unity.probuilder@4.4.0/Editor/EditorCore/EditorUtility.cs:593)
UnityEditor.ProBuilder.HierarchyListener:.cctor () (at Library/PackageCache/com.unity.probuilder@4.4.0/Editor/EditorCore/HierarchyListener.cs:21)
System.Runtime.CompilerServices.RuntimeHelpers:RunClassConstructor (System.RuntimeTypeHandle)
UnityEditor.EditorAssemblies:ProcessInitializeOnLoadAttributes (System.Type[])

[Library/PackageCache/com.unity.probuilder@4.4.0/Editor/EditorCore/EditorUtility.cs line 593]

Invoked RoslynAnalysisRunner static constructor.
RoslynAnalysisRunner will not be running.
RoslynAnalysisRunner has terminated.
Mono: successfully reloaded assembly
- Completed reload, in  0.984 seconds
Platform modules already initialized, skipping
Refreshing native plugins compatible for Editor in 0.49 ms, found 0 plugins.
Preloading 0 native plugins for Editor in 0.00 ms.
Unloading 1528 Unused Serialized files (Serialized files now loaded: 0)
System memory in use before: 93.7 MB.
System memory in use after: 93.8 MB.

Unloading 8 unused Assets to reduce memory usage. Loaded Objects now: 2085.
Total: 2.777800 ms (FindLiveObjects: 0.170300 ms CreateObjectMapping: 0.097600 ms MarkObjects: 2.431600 ms  DeleteObjects: 0.077300 ms)

========================================================================
Received Import Request.
  Time since last request: 89.292422 seconds.
  path: Assets/Scripts - Xavier Arias/PauseMenu.cs
  artifactKey: Guid(e6b08253540aeb64bb2d245db222960e) Importer(815301076,1909f56bfc062723c751e8b465ee728b)
Start importing Assets/Scripts - Xavier Arias/PauseMenu.cs using Guid(e6b08253540aeb64bb2d245db222960e) Importer(815301076,1909f56bfc062723c751e8b465ee728b)  -> (artifact id: '2ea8ff6660764636d41745fece61a28e') in 0.010193 seconds
  Import took 0.013594 seconds .

========================================================================
Received Import Request.
  Time since last request: 1.777421 seconds.
  path: Assets/Scripts - Xavier Arias/MainMenu.cs
  artifactKey: Guid(34893108228c65646988eb80fd4d1d80) Importer(815301076,1909f56bfc062723c751e8b465ee728b)
Start importing Assets/Scripts - Xavier Arias/MainMenu.cs using Guid(34893108228c65646988eb80fd4d1d80) Importer(815301076,1909f56bfc062723c751e8b465ee728b)  -> (artifact id: '03cdfe43c096fe1342163b164b4f7cb9') in 0.008160 seconds
  Import took 0.010891 seconds .

========================================================================
Received Prepare
Registering precompiled user dll's ...
Registered in 0.000842 seconds.
Begin MonoManager ReloadAssembly
Native extension for WindowsStandalone target not found
Refreshing native plugins compatible for Editor in 0.28 ms, found 0 plugins.
Preloading 0 native plugins for Editor in 0.00 ms.
Warning: Annotation not found!
UnityEngine.StackTraceUtility:ExtractStackTrace ()
UnityEditor.ProBuilder.EditorUtility:SetGizmoIconEnabled (System.Type,bool) (at Library/PackageCache/com.unity.probuilder@4.4.0/Editor/EditorCore/EditorUtility.cs:593)
UnityEditor.ProBuilder.HierarchyListener:.cctor () (at Library/PackageCache/com.unity.probuilder@4.4.0/Editor/EditorCore/HierarchyListener.cs:21)
System.Runtime.CompilerServices.RuntimeHelpers:RunClassConstructor (System.RuntimeTypeHandle)
UnityEditor.EditorAssemblies:ProcessInitializeOnLoadAttributes (System.Type[])

[Library/PackageCache/com.unity.probuilder@4.4.0/Editor/EditorCore/EditorUtility.cs line 593]

Invoked RoslynAnalysisRunner static constructor.
RoslynAnalysisRunner will not be running.
RoslynAnalysisRunner has terminated.
Mono: successfully reloaded assembly
- Completed reload, in  0.830 seconds
Platform modules already initialized, skipping
Refreshing native plugins compatible for Editor in 0.37 ms, found 0 plugins.
Preloading 0 native plugins for Editor in 0.00 ms.
Unloading 1528 Unused Serialized files (Serialized files now loaded: 0)
System memory in use before: 94.5 MB.
System memory in use after: 94.6 MB.

Unloading 5 unused Assets to reduce memory usage. Loaded Objects now: 2087.
Total: 2.199900 ms (FindLiveObjects: 0.204100 ms CreateObjectMapping: 0.064700 ms MarkObjects: 1.832700 ms  DeleteObjects: 0.097300 ms)

AssetImportWorkerClient::OnTransportError - code=2 error=End of file
